{"C:\\Users\\Leandro\\Cursos Devtalles\\React 2026\\02-primeros-pasos\\src\\FirstStepsApp.tsx": {"path":"C:\\Users\\Leandro\\Cursos Devtalles\\React 2026\\02-primeros-pasos\\src\\FirstStepsApp.tsx","statementMap":{"0":{"start":{"line":9,"column":34},"end":{"line":13,"column":null}},"1":{"start":{"line":15,"column":22},"end":{"line":36,"column":null}},"2":{"start":{"line":16,"column":2},"end":{"line":21,"column":39}},"3":{"start":{"line":20,"column":49},"end":{"line":21,"column":39}}},"fnMap":{"0":{"name":"(anonymous_0)","decl":{"start":{"line":15,"column":22},"end":{"line":15,"column":null}},"loc":{"start":{"line":15,"column":22},"end":{"line":36,"column":null}},"line":15},"1":{"name":"(anonymous_1)","decl":{"start":{"line":20,"column":23},"end":{"line":20,"column":24}},"loc":{"start":{"line":20,"column":49},"end":{"line":21,"column":39}},"line":20}},"branchMap":{},"s":{"0":1,"1":1,"2":3,"3":9},"f":{"0":3,"1":9},"b":{},"meta":{"lastBranch":0,"lastFunction":2,"lastStatement":4,"seen":{"s:9:34:13:Infinity":0,"s:15:22:36:Infinity":1,"f:15:22:15:Infinity":0,"s:16:2:21:39":2,"f:20:23:20:24":1,"s:20:49:21:39":3}}}
,"C:\\Users\\Leandro\\Cursos Devtalles\\React 2026\\02-primeros-pasos\\src\\MyAwesomeApp.tsx": {"path":"C:\\Users\\Leandro\\Cursos Devtalles\\React 2026\\02-primeros-pasos\\src\\MyAwesomeApp.tsx","statementMap":{"0":{"start":{"line":3,"column":17},"end":{"line":3,"column":null}},"1":{"start":{"line":4,"column":17},"end":{"line":4,"column":null}},"2":{"start":{"line":6,"column":22},"end":{"line":6,"column":null}},"3":{"start":{"line":7,"column":17},"end":{"line":7,"column":null}},"4":{"start":{"line":9,"column":32},"end":{"line":14,"column":null}},"5":{"start":{"line":16,"column":16},"end":{"line":19,"column":null}},"6":{"start":{"line":21,"column":21},"end":{"line":39,"column":null}},"7":{"start":{"line":22,"column":2},"end":{"line":36,"column":null}}},"fnMap":{"0":{"name":"(anonymous_0)","decl":{"start":{"line":21,"column":21},"end":{"line":21,"column":null}},"loc":{"start":{"line":21,"column":21},"end":{"line":39,"column":null}},"line":21}},"branchMap":{"0":{"loc":{"start":{"line":10,"column":19},"end":{"line":10,"column":null}},"type":"cond-expr","locations":[{"start":{"line":10,"column":30},"end":{"line":10,"column":45}},{"start":{"line":10,"column":45},"end":{"line":10,"column":null}}],"line":10},"1":{"loc":{"start":{"line":30,"column":11},"end":{"line":30,"column":null}},"type":"cond-expr","locations":[{"start":{"line":30,"column":22},"end":{"line":30,"column":33}},{"start":{"line":30,"column":33},"end":{"line":30,"column":null}}],"line":30}},"s":{"0":1,"1":1,"2":1,"3":1,"4":1,"5":1,"6":1,"7":4},"f":{"0":4},"b":{"0":[1,0],"1":[4,0]},"meta":{"lastBranch":2,"lastFunction":1,"lastStatement":8,"seen":{"s:3:17:3:Infinity":0,"s:4:17:4:Infinity":1,"s:6:22:6:Infinity":2,"s:7:17:7:Infinity":3,"s:9:32:14:Infinity":4,"b:10:30:10:45:10:45:10:Infinity":0,"s:16:16:19:Infinity":5,"s:21:21:39:Infinity":6,"f:21:21:21:Infinity":0,"s:22:2:36:Infinity":7,"b:30:22:30:33:30:33:30:Infinity":1}}}
,"C:\\Users\\Leandro\\Cursos Devtalles\\React 2026\\02-primeros-pasos\\src\\helpers\\math.helper.ts": {"path":"C:\\Users\\Leandro\\Cursos Devtalles\\React 2026\\02-primeros-pasos\\src\\helpers\\math.helper.ts","statementMap":{"0":{"start":{"line":1,"column":19},"end":{"line":4,"column":null}},"1":{"start":{"line":3,"column":2},"end":{"line":3,"column":null}},"2":{"start":{"line":6,"column":25},"end":{"line":8,"column":null}},"3":{"start":{"line":7,"column":2},"end":{"line":7,"column":null}},"4":{"start":{"line":10,"column":24},"end":{"line":12,"column":null}},"5":{"start":{"line":11,"column":2},"end":{"line":11,"column":null}},"6":{"start":{"line":14,"column":22},"end":{"line":16,"column":null}},"7":{"start":{"line":15,"column":2},"end":{"line":15,"column":null}}},"fnMap":{"0":{"name":"(anonymous_0)","decl":{"start":{"line":1,"column":19},"end":{"line":1,"column":20}},"loc":{"start":{"line":1,"column":31},"end":{"line":4,"column":null}},"line":1},"1":{"name":"(anonymous_1)","decl":{"start":{"line":6,"column":25},"end":{"line":6,"column":26}},"loc":{"start":{"line":6,"column":37},"end":{"line":8,"column":null}},"line":6},"2":{"name":"(anonymous_2)","decl":{"start":{"line":10,"column":24},"end":{"line":10,"column":25}},"loc":{"start":{"line":10,"column":36},"end":{"line":12,"column":null}},"line":10},"3":{"name":"(anonymous_3)","decl":{"start":{"line":14,"column":22},"end":{"line":14,"column":23}},"loc":{"start":{"line":14,"column":34},"end":{"line":16,"column":null}},"line":14}},"branchMap":{},"s":{"0":1,"1":2,"2":1,"3":2,"4":1,"5":3,"6":1,"7":2},"f":{"0":2,"1":2,"2":3,"3":2},"b":{},"meta":{"lastBranch":0,"lastFunction":4,"lastStatement":8,"seen":{"s:1:19:4:Infinity":0,"f:1:19:1:20":0,"s:3:2:3:Infinity":1,"s:6:25:8:Infinity":2,"f:6:25:6:26":1,"s:7:2:7:Infinity":3,"s:10:24:12:Infinity":4,"f:10:24:10:25":2,"s:11:2:11:Infinity":5,"s:14:22:16:Infinity":6,"f:14:22:14:23":3,"s:15:2:15:Infinity":7}}}
,"C:\\Users\\Leandro\\Cursos Devtalles\\React 2026\\02-primeros-pasos\\src\\shooping-cart\\ItemCounter.css": {"path":"C:\\Users\\Leandro\\Cursos Devtalles\\React 2026\\02-primeros-pasos\\src\\shooping-cart\\ItemCounter.css","statementMap":{},"fnMap":{},"branchMap":{},"s":{},"f":{},"b":{},"meta":{"lastBranch":0,"lastFunction":0,"lastStatement":0,"seen":{}}}
,"C:\\Users\\Leandro\\Cursos Devtalles\\React 2026\\02-primeros-pasos\\src\\shooping-cart\\ItemCounter.tsx": {"path":"C:\\Users\\Leandro\\Cursos Devtalles\\React 2026\\02-primeros-pasos\\src\\shooping-cart\\ItemCounter.tsx","statementMap":{"0":{"start":{"line":10,"column":27},"end":{"line":68,"column":null}},"1":{"start":{"line":11,"column":25},"end":{"line":11,"column":null}},"2":{"start":{"line":13,"column":20},"end":{"line":16,"column":null}},"3":{"start":{"line":15,"column":4},"end":{"line":15,"column":null}},"4":{"start":{"line":18,"column":26},"end":{"line":21,"column":null}},"5":{"start":{"line":19,"column":4},"end":{"line":19,"column":null}},"6":{"start":{"line":19,"column":21},"end":{"line":19,"column":null}},"7":{"start":{"line":20,"column":4},"end":{"line":20,"column":null}},"8":{"start":{"line":27,"column":2},"end":{"line":64,"column":null}}},"fnMap":{"0":{"name":"(anonymous_0)","decl":{"start":{"line":10,"column":27},"end":{"line":10,"column":28}},"loc":{"start":{"line":10,"column":57},"end":{"line":68,"column":null}},"line":10},"1":{"name":"(anonymous_1)","decl":{"start":{"line":13,"column":20},"end":{"line":13,"column":null}},"loc":{"start":{"line":13,"column":20},"end":{"line":16,"column":null}},"line":13},"2":{"name":"(anonymous_2)","decl":{"start":{"line":18,"column":26},"end":{"line":18,"column":null}},"loc":{"start":{"line":18,"column":26},"end":{"line":21,"column":null}},"line":18}},"branchMap":{"0":{"loc":{"start":{"line":10,"column":36},"end":{"line":10,"column":48}},"type":"default-arg","locations":[{"start":{"line":10,"column":47},"end":{"line":10,"column":48}}],"line":10},"1":{"loc":{"start":{"line":19,"column":4},"end":{"line":19,"column":null}},"type":"if","locations":[{"start":{"line":19,"column":4},"end":{"line":19,"column":null}},{"start":{},"end":{}}],"line":19},"2":{"loc":{"start":{"line":47,"column":26},"end":{"line":47,"column":56}},"type":"cond-expr","locations":[{"start":{"line":47,"column":40},"end":{"line":47,"column":48}},{"start":{"line":47,"column":48},"end":{"line":47,"column":56}}],"line":47}},"s":{"0":1,"1":9,"2":9,"3":1,"4":9,"5":2,"6":1,"7":1,"8":9},"f":{"0":9,"1":1,"2":2},"b":{"0":[9],"1":[1,1],"2":[4,5]},"meta":{"lastBranch":3,"lastFunction":3,"lastStatement":9,"seen":{"s:10:27:68:Infinity":0,"f:10:27:10:28":0,"b:10:47:10:48":0,"s:11:25:11:Infinity":1,"s:13:20:16:Infinity":2,"f:13:20:13:Infinity":1,"s:15:4:15:Infinity":3,"s:18:26:21:Infinity":4,"f:18:26:18:Infinity":2,"b:19:4:19:Infinity:undefined:undefined:undefined:undefined":1,"s:19:4:19:Infinity":5,"s:19:21:19:Infinity":6,"s:20:4:20:Infinity":7,"s:27:2:64:Infinity":8,"b:47:40:47:48:47:48:47:56":2}}}
}
